<?xml version="1.0" encoding="UTF-8"?>
<!-- Generated by org.testng.reporters.JUnitXMLReporter -->
<testsuite ignored="0" hostname="DESKTOP-VSK12J1" failures="0" tests="2" name="Default test" time="64.44" errors="0" timestamp="2022-12-11T08:15:32 IST">
  <testcase classname="neoStoxTestClass.NeoStoxValidatingBalance" name="validatingUserName" time="12.054"/>
  <testcase classname="neoStoxTestClass.NeoStoxValidatingBalance" name="validatingAccountBalance" time="10.049"/>
</testsuite> <!-- Default test -->
