<?xml version="1.0" encoding="UTF-8"?>
<!-- Generated by org.testng.reporters.JUnitXMLReporter -->
<testsuite ignored="1" hostname="DESKTOP-VSK12J1" failures="0" tests="1" name="Test2(failed)" time="39.994" errors="0" timestamp="2022-12-01T10:04:16 IST">
  <testcase classname="neoStoxTestClass.NeoStoxValidatingBalance" name="validatingAccountBalance" time="10.055"/>
  <testcase classname="neoStoxTestClass.NeoStoxValidatingBalance" name="validatingUserName" time="0.0">
    <ignored/>
  </testcase> <!-- validatingUserName -->
</testsuite> <!-- Test2(failed) -->
