<?xml version="1.0" encoding="UTF-8"?>
<testng-results ignored="0" total="2" passed="2" failed="0" skipped="0">
  <reporter-output>
    <line>
      <![CDATA[enter url from property file ]]>
    </line>
    <line>
      <![CDATA[Wait for 1000ms]]>
    </line>
    <line>
      <![CDATA[Click on SingIn Option]]>
    </line>
    <line>
      <![CDATA[Wait for 1000ms]]>
    </line>
    <line>
      <![CDATA[enter mob.no from property file ]]>
    </line>
    <line>
      <![CDATA[Wait for 1000ms]]>
    </line>
    <line>
      <![CDATA[Click on signin button]]>
    </line>
    <line>
      <![CDATA[Wait for 1000ms]]>
    </line>
    <line>
      <![CDATA[enter password from property file ]]>
    </line>
    <line>
      <![CDATA[Wait for 1000ms]]>
    </line>
    <line>
      <![CDATA[Click on Submit button]]>
    </line>
    <line>
      <![CDATA[Wait for 1000ms]]>
    </line>
    <line>
      <![CDATA[Wait for 5000ms]]>
    </line>
    <line>
      <![CDATA[Handaling popUp]]>
    </line>
    <line>
      <![CDATA[Click on ok Button]]>
    </line>
    <line>
      <![CDATA[Click on closed button]]>
    </line>
    <line>
      <![CDATA[Wait for 1000ms]]>
    </line>
    <line>
      <![CDATA[validating Actual and expected Username]]>
    </line>
    <line>
      <![CDATA[taking screenShot...]]>
    </line>
    <line>
      <![CDATA[enter expun from property file ]]>
    </line>
    <line>
      <![CDATA[validatingUserName method are successfully run]]>
    </line>
    <line>
      <![CDATA[Wait for 1000ms]]>
    </line>
    <line>
      <![CDATA[Log Out from neostox account ]]>
    </line>
    <line>
      <![CDATA[Click on SingIn Option]]>
    </line>
    <line>
      <![CDATA[Wait for 1000ms]]>
    </line>
    <line>
      <![CDATA[enter mob.no from property file ]]>
    </line>
    <line>
      <![CDATA[Wait for 1000ms]]>
    </line>
    <line>
      <![CDATA[Click on signin button]]>
    </line>
    <line>
      <![CDATA[Wait for 1000ms]]>
    </line>
    <line>
      <![CDATA[enter password from property file ]]>
    </line>
    <line>
      <![CDATA[Wait for 1000ms]]>
    </line>
    <line>
      <![CDATA[Click on Submit button]]>
    </line>
    <line>
      <![CDATA[Wait for 1000ms]]>
    </line>
    <line>
      <![CDATA[PopUp is not displayed ,skip it]]>
    </line>
    <line>
      <![CDATA[Wait for 1000ms]]>
    </line>
    <line>
      <![CDATA[Wait for 1000ms]]>
    </line>
    <line>
      <![CDATA[Validating actual and expected A/c Balance]]>
    </line>
    <line>
      <![CDATA[validatingAccountBalance method are successfully run]]>
    </line>
    <line>
      <![CDATA[Wait for 1000ms]]>
    </line>
    <line>
      <![CDATA[Log Out from neostox account ]]>
    </line>
  </reporter-output>
  <suite started-at="2022-12-11T08:14:28 IST" name="Default suite" finished-at="2022-12-11T08:15:32 IST" duration-ms="64440">
    <groups>
    </groups>
    <test started-at="2022-12-11T08:14:28 IST" name="Default test" finished-at="2022-12-11T08:15:32 IST" duration-ms="64440">
      <class name="neoStoxTestClass.NeoStoxValidatingBalance">
        <test-method is-config="true" signature="lonchbrowser()[pri:0, instance:neoStoxTestClass.NeoStoxValidatingBalance@15043a2f]" started-at="2022-12-11T08:14:28 IST" name="lonchbrowser" finished-at="2022-12-11T08:14:41 IST" duration-ms="13272" status="PASS">
          <reporter-output>
            <line>
              <![CDATA[enter url from property file ]]>
            </line>
            <line>
              <![CDATA[Wait for 1000ms]]>
            </line>
          </reporter-output>
        </test-method> <!-- lonchbrowser -->
        <test-method is-config="true" signature="neoStoxSingIn()[pri:0, instance:neoStoxTestClass.NeoStoxValidatingBalance@15043a2f]" started-at="2022-12-11T08:14:41 IST" name="neoStoxSingIn" finished-at="2022-12-11T08:14:57 IST" duration-ms="15537" status="PASS">
          <reporter-output>
            <line>
              <![CDATA[Click on SingIn Option]]>
            </line>
            <line>
              <![CDATA[Wait for 1000ms]]>
            </line>
            <line>
              <![CDATA[enter mob.no from property file ]]>
            </line>
            <line>
              <![CDATA[Wait for 1000ms]]>
            </line>
            <line>
              <![CDATA[Click on signin button]]>
            </line>
            <line>
              <![CDATA[Wait for 1000ms]]>
            </line>
            <line>
              <![CDATA[enter password from property file ]]>
            </line>
            <line>
              <![CDATA[Wait for 1000ms]]>
            </line>
            <line>
              <![CDATA[Click on Submit button]]>
            </line>
            <line>
              <![CDATA[Wait for 1000ms]]>
            </line>
            <line>
              <![CDATA[Wait for 5000ms]]>
            </line>
            <line>
              <![CDATA[Handaling popUp]]>
            </line>
            <line>
              <![CDATA[Click on ok Button]]>
            </line>
            <line>
              <![CDATA[Click on closed button]]>
            </line>
          </reporter-output>
        </test-method> <!-- neoStoxSingIn -->
        <test-method signature="validatingUserName()[pri:0, instance:neoStoxTestClass.NeoStoxValidatingBalance@15043a2f]" started-at="2022-12-11T08:14:57 IST" name="validatingUserName" finished-at="2022-12-11T08:15:09 IST" duration-ms="12054" status="PASS">
          <reporter-output>
            <line>
              <![CDATA[Wait for 1000ms]]>
            </line>
            <line>
              <![CDATA[validating Actual and expected Username]]>
            </line>
            <line>
              <![CDATA[taking screenShot...]]>
            </line>
            <line>
              <![CDATA[enter expun from property file ]]>
            </line>
            <line>
              <![CDATA[validatingUserName method are successfully run]]>
            </line>
          </reporter-output>
        </test-method> <!-- validatingUserName -->
        <test-method is-config="true" signature="logOutneostox()[pri:0, instance:neoStoxTestClass.NeoStoxValidatingBalance@15043a2f]" started-at="2022-12-11T08:15:09 IST" name="logOutneostox" finished-at="2022-12-11T08:15:09 IST" duration-ms="674" status="PASS">
          <reporter-output>
            <line>
              <![CDATA[Wait for 1000ms]]>
            </line>
            <line>
              <![CDATA[Log Out from neostox account ]]>
            </line>
          </reporter-output>
        </test-method> <!-- logOutneostox -->
        <test-method is-config="true" signature="neoStoxSingIn()[pri:0, instance:neoStoxTestClass.NeoStoxValidatingBalance@15043a2f]" started-at="2022-12-11T08:15:09 IST" name="neoStoxSingIn" finished-at="2022-12-11T08:15:18 IST" duration-ms="8951" status="PASS">
          <reporter-output>
            <line>
              <![CDATA[Click on SingIn Option]]>
            </line>
            <line>
              <![CDATA[Wait for 1000ms]]>
            </line>
            <line>
              <![CDATA[enter mob.no from property file ]]>
            </line>
            <line>
              <![CDATA[Wait for 1000ms]]>
            </line>
            <line>
              <![CDATA[Click on signin button]]>
            </line>
            <line>
              <![CDATA[Wait for 1000ms]]>
            </line>
            <line>
              <![CDATA[enter password from property file ]]>
            </line>
            <line>
              <![CDATA[Wait for 1000ms]]>
            </line>
            <line>
              <![CDATA[Click on Submit button]]>
            </line>
            <line>
              <![CDATA[Wait for 1000ms]]>
            </line>
            <line>
              <![CDATA[PopUp is not displayed ,skip it]]>
            </line>
            <line>
              <![CDATA[Wait for 1000ms]]>
            </line>
          </reporter-output>
        </test-method> <!-- neoStoxSingIn -->
        <test-method signature="validatingAccountBalance()[pri:1, instance:neoStoxTestClass.NeoStoxValidatingBalance@15043a2f]" started-at="2022-12-11T08:15:18 IST" name="validatingAccountBalance" finished-at="2022-12-11T08:15:28 IST" duration-ms="10049" status="PASS">
          <reporter-output>
            <line>
              <![CDATA[Wait for 1000ms]]>
            </line>
            <line>
              <![CDATA[Validating actual and expected A/c Balance]]>
            </line>
            <line>
              <![CDATA[validatingAccountBalance method are successfully run]]>
            </line>
          </reporter-output>
        </test-method> <!-- validatingAccountBalance -->
        <test-method is-config="true" signature="logOutneostox()[pri:0, instance:neoStoxTestClass.NeoStoxValidatingBalance@15043a2f]" started-at="2022-12-11T08:15:28 IST" name="logOutneostox" finished-at="2022-12-11T08:15:29 IST" duration-ms="692" status="PASS">
          <reporter-output>
            <line>
              <![CDATA[Wait for 1000ms]]>
            </line>
            <line>
              <![CDATA[Log Out from neostox account ]]>
            </line>
          </reporter-output>
        </test-method> <!-- logOutneostox -->
        <test-method is-config="true" signature="closeBrowser()[pri:0, instance:neoStoxTestClass.NeoStoxValidatingBalance@15043a2f]" started-at="2022-12-11T08:15:29 IST" name="closeBrowser" finished-at="2022-12-11T08:15:32 IST" duration-ms="3139" status="PASS">
          <reporter-output>
          </reporter-output>
        </test-method> <!-- closeBrowser -->
      </class> <!-- neoStoxTestClass.NeoStoxValidatingBalance -->
    </test> <!-- Default test -->
  </suite> <!-- Default suite -->
</testng-results>
